This file contains any messages produced by compilers while
running configure, to aid debugging if configure makes a mistake.

It was created by [SAMPLE] configure [x.xx], which was
generated by GNU Autoconf 2.60.  Invocation command line was

  $ /home/aaji/src/snucl/src/compiler/projects/sample/configure --prefix=/usr/local --cache-file=/dev/null --srcdir=/home/aaji/src/snucl/src/compiler/projects/sample

## --------- ##
## Platform. ##
## --------- ##

hostname = fire
uname -m = x86_64
uname -r = 2.6.35-11.el5.elrepo
uname -s = Linux
uname -v = #1 SMP PREEMPT Mon Feb 7 13:39:24 EST 2011

/usr/bin/uname -p = unknown
/bin/uname -X     = unknown

/bin/arch              = x86_64
/usr/bin/arch -k       = unknown
/usr/convex/getsysinfo = unknown
/usr/bin/hostinfo      = unknown
/bin/machine           = unknown
/usr/bin/oslevel       = unknown
/bin/universe          = unknown

PATH: /home/aaji/opt/bin
PATH: /home/aaji/opt/cuda/bin
PATH: /home/aaji/src/hpctoolkit/hpctoolkit-install/bin
PATH: /home/aaji/src/hpctoolkit/hpctoolkit-install/libexec/hpctoolkit
PATH: /home/aaji/opt/open64-5.0/bin
PATH: /home/aaji/opt/cuda/nvvm
PATH: /home/aaji/opt/cuda/open64/bin
PATH: /usr/mpi/gcc/mvapich2-1.6/bin
PATH: /usr/kerberos/bin
PATH: /usr/java/latest/bin
PATH: /usr/local/bin
PATH: /bin
PATH: /usr/bin
PATH: /opt/eclipse
PATH: /opt/ganglia/bin
PATH: /opt/ganglia/sbin
PATH: /opt/maui/bin
PATH: /opt/torque/bin
PATH: /opt/torque/sbin
PATH: /opt/rocks/bin
PATH: /opt/rocks/sbin
PATH: /home/aaji/src/snucl/bin
PATH: /home/aaji/bin


## ----------- ##
## Core tests. ##
## ----------- ##

configure:1836: creating ./config.status

## ---------------------- ##
## Running config.status. ##
## ---------------------- ##

This file was extended by [SAMPLE] config.status [x.xx], which was
generated by GNU Autoconf 2.60.  Invocation command line was

  CONFIG_FILES    = 
  CONFIG_HEADERS  = 
  CONFIG_LINKS    = 
  CONFIG_COMMANDS = 
  $ ./config.status 

on fire

config.status:569: creating Makefile.common
config.status:742: executing setup commands
config.status:742: executing Makefile commands
config.status:742: executing lib/Makefile commands
config.status:742: executing lib/sample/Makefile commands
config.status:742: executing tools/Makefile commands
config.status:742: executing tools/sample/Makefile commands

## ---------------- ##
## Cache variables. ##
## ---------------- ##

ac_cv_env_build_alias_set=
ac_cv_env_build_alias_value=
ac_cv_env_host_alias_set=
ac_cv_env_host_alias_value=
ac_cv_env_target_alias_set=
ac_cv_env_target_alias_value=

## ----------------- ##
## Output variables. ##
## ----------------- ##

DEFS='-DPACKAGE_NAME=\"\[SAMPLE\]\" -DPACKAGE_TARNAME=\"--sample--\" -DPACKAGE_VERSION=\"\[x.xx\]\" -DPACKAGE_STRING=\"\[SAMPLE\]\ \[x.xx\]\" -DPACKAGE_BUGREPORT=\"bugs@yourdomain\"'
ECHO_C=''
ECHO_N='-n'
ECHO_T=''
LIBOBJS=''
LIBS=''
LLVM_OBJ='/home/aaji/src/snucl/build/compiler-build-temp'
LLVM_SRC='/home/aaji/src/snucl/src/compiler'
LTLIBOBJS=''
PACKAGE_BUGREPORT='bugs@yourdomain'
PACKAGE_NAME='[SAMPLE]'
PACKAGE_STRING='[SAMPLE] [x.xx]'
PACKAGE_TARNAME='--sample--'
PACKAGE_VERSION='[x.xx]'
PATH_SEPARATOR=':'
SHELL='/bin/sh'
bindir='${exec_prefix}/bin'
build_alias=''
datadir='${datarootdir}'
datarootdir='${prefix}/share'
docdir='${datarootdir}/doc/${PACKAGE_TARNAME}'
dvidir='${docdir}'
exec_prefix='${prefix}'
host_alias=''
htmldir='${docdir}'
includedir='${prefix}/include'
infodir='${datarootdir}/info'
libdir='${exec_prefix}/lib'
libexecdir='${exec_prefix}/libexec'
localedir='${datarootdir}/locale'
localstatedir='${prefix}/var'
mandir='${datarootdir}/man'
oldincludedir='/usr/include'
pdfdir='${docdir}'
prefix='/usr/local'
program_transform_name='s,x,x,'
psdir='${docdir}'
sbindir='${exec_prefix}/sbin'
sharedstatedir='${prefix}/com'
sysconfdir='${prefix}/etc'
target_alias=''

## ----------- ##
## confdefs.h. ##
## ----------- ##

#define PACKAGE_NAME "[SAMPLE]"
#define PACKAGE_TARNAME "--sample--"
#define PACKAGE_VERSION "[x.xx]"
#define PACKAGE_STRING "[SAMPLE] [x.xx]"
#define PACKAGE_BUGREPORT "bugs@yourdomain"

configure: exit 0
