This file contains any messages produced by compilers while
running configure, to aid debugging if configure makes a mistake.

It was created by SHOC configure 1.1.4, which was
generated by GNU Autoconf 2.68.  Invocation command line was

  $ ./configure --with-opencl CPPFLAGS=-I/opt/AMDAPP/include/

## --------- ##
## Platform. ##
## --------- ##

hostname = armor2
uname -m = x86_64
uname -r = 2.6.32-5-amd64
uname -s = Linux
uname -v = #1 SMP Mon Jan 16 16:22:28 UTC 2012

/usr/bin/uname -p = unknown
/bin/uname -X     = unknown

/bin/arch              = unknown
/usr/bin/arch -k       = unknown
/usr/convex/getsysinfo = unknown
/usr/bin/hostinfo      = unknown
/bin/machine           = unknown
/usr/bin/oslevel       = unknown
/bin/universe          = unknown

PATH: /home/lokendra/packages/gnuplot-4.6.1-install/bin/
PATH: /home/lokendra/packages/multi2sim-4.0-install/bin
PATH: /usr/local/bin
PATH: /usr/bin
PATH: /bin
PATH: /usr/local/games
PATH: /usr/games


## ----------- ##
## Core tests. ##
## ----------- ##

configure:2256: checking build system type
configure:2270: result: x86_64-unknown-linux-gnu
configure:2290: checking host system type
configure:2303: result: x86_64-unknown-linux-gnu
configure:2323: checking target system type
configure:2336: result: x86_64-unknown-linux-gnu
configure:2432: checking for g++
configure:2448: found /usr/bin/g++
configure:2459: result: g++
configure:2486: checking for C++ compiler version
configure:2495: g++ --version >&5
g++ (Debian 4.4.5-8) 4.4.5
Copyright (C) 2010 Free Software Foundation, Inc.
This is free software; see the source for copying conditions.  There is NO
warranty; not even for MERCHANTABILITY or FITNESS FOR A PARTICULAR PURPOSE.

configure:2506: $? = 0
configure:2495: g++ -v >&5
Using built-in specs.
Target: x86_64-linux-gnu
Configured with: ../src/configure -v --with-pkgversion='Debian 4.4.5-8' --with-bugurl=file:///usr/share/doc/gcc-4.4/README.Bugs --enable-languages=c,c++,fortran,objc,obj-c++ --prefix=/usr --program-suffix=-4.4 --enable-shared --enable-multiarch --enable-linker-build-id --with-system-zlib --libexecdir=/usr/lib --without-included-gettext --enable-threads=posix --with-gxx-include-dir=/usr/include/c++/4.4 --libdir=/usr/lib --enable-nls --enable-clocale=gnu --enable-libstdcxx-debug --enable-objc-gc --with-arch-32=i586 --with-tune=generic --enable-checking=release --build=x86_64-linux-gnu --host=x86_64-linux-gnu --target=x86_64-linux-gnu
Thread model: posix
gcc version 4.4.5 (Debian 4.4.5-8) 
configure:2506: $? = 0
configure:2495: g++ -V >&5
g++: '-V' option must have argument
configure:2506: $? = 1
configure:2495: g++ -qversion >&5
g++: unrecognized option '-qversion'
g++: no input files
configure:2506: $? = 1
configure:2526: checking whether the C++ compiler works
configure:2548: g++  -I/opt/AMDAPP/include/  conftest.cpp  >&5
configure:2552: $? = 0
configure:2600: result: yes
configure:2603: checking for C++ compiler default output file name
configure:2605: result: a.out
configure:2611: checking for suffix of executables
configure:2618: g++ -o conftest  -I/opt/AMDAPP/include/  conftest.cpp  >&5
configure:2622: $? = 0
configure:2644: result: 
configure:2666: checking whether we are cross compiling
configure:2674: g++ -o conftest  -I/opt/AMDAPP/include/  conftest.cpp  >&5
configure:2678: $? = 0
configure:2685: ./conftest
configure:2689: $? = 0
configure:2704: result: no
configure:2709: checking for suffix of object files
configure:2731: g++ -c  -I/opt/AMDAPP/include/ conftest.cpp >&5
configure:2735: $? = 0
configure:2756: result: o
configure:2760: checking whether we are using the GNU C++ compiler
configure:2779: g++ -c  -I/opt/AMDAPP/include/ conftest.cpp >&5
configure:2779: $? = 0
configure:2788: result: yes
configure:2797: checking whether g++ accepts -g
configure:2817: g++ -c -g -I/opt/AMDAPP/include/ conftest.cpp >&5
configure:2817: $? = 0
configure:2858: result: yes
configure:2929: checking for gcc
configure:2945: found /usr/bin/gcc
configure:2956: result: gcc
configure:3185: checking for C compiler version
configure:3194: gcc --version >&5
gcc (Debian 4.4.5-8) 4.4.5
Copyright (C) 2010 Free Software Foundation, Inc.
This is free software; see the source for copying conditions.  There is NO
warranty; not even for MERCHANTABILITY or FITNESS FOR A PARTICULAR PURPOSE.

configure:3205: $? = 0
configure:3194: gcc -v >&5
Using built-in specs.
Target: x86_64-linux-gnu
Configured with: ../src/configure -v --with-pkgversion='Debian 4.4.5-8' --with-bugurl=file:///usr/share/doc/gcc-4.4/README.Bugs --enable-languages=c,c++,fortran,objc,obj-c++ --prefix=/usr --program-suffix=-4.4 --enable-shared --enable-multiarch --enable-linker-build-id --with-system-zlib --libexecdir=/usr/lib --without-included-gettext --enable-threads=posix --with-gxx-include-dir=/usr/include/c++/4.4 --libdir=/usr/lib --enable-nls --enable-clocale=gnu --enable-libstdcxx-debug --enable-objc-gc --with-arch-32=i586 --with-tune=generic --enable-checking=release --build=x86_64-linux-gnu --host=x86_64-linux-gnu --target=x86_64-linux-gnu
Thread model: posix
gcc version 4.4.5 (Debian 4.4.5-8) 
configure:3205: $? = 0
configure:3194: gcc -V >&5
gcc: '-V' option must have argument
configure:3205: $? = 1
configure:3194: gcc -qversion >&5
gcc: unrecognized option '-qversion'
gcc: no input files
configure:3205: $? = 1
configure:3209: checking whether we are using the GNU C compiler
configure:3228: gcc -c  -I/opt/AMDAPP/include/ conftest.c >&5
configure:3228: $? = 0
configure:3237: result: yes
configure:3246: checking whether gcc accepts -g
configure:3266: gcc -c -g -I/opt/AMDAPP/include/ conftest.c >&5
configure:3266: $? = 0
configure:3307: result: yes
configure:3324: checking for gcc option to accept ISO C89
configure:3388: gcc  -c -g -O2 -I/opt/AMDAPP/include/ conftest.c >&5
configure:3388: $? = 0
configure:3401: result: none needed
configure:3464: checking for ranlib
configure:3480: found /usr/bin/ranlib
configure:3491: result: ranlib
configure:3556: checking for ar
configure:3572: found /usr/bin/ar
configure:3583: result: ar
configure:3607: checking for perl
configure:3625: found /usr/bin/perl
configure:3637: result: /usr/bin/perl
configure:3695: checking how to run the C++ preprocessor
configure:3722: g++ -E -I/opt/AMDAPP/include/ conftest.cpp
configure:3722: $? = 0
configure:3736: g++ -E -I/opt/AMDAPP/include/ conftest.cpp
conftest.cpp:9:28: error: ac_nonexistent.h: No such file or directory
configure:3736: $? = 1
configure: failed program was:
| /* confdefs.h */
| #define PACKAGE_NAME "SHOC"
| #define PACKAGE_TARNAME "shoc"
| #define PACKAGE_VERSION "1.1.4"
| #define PACKAGE_STRING "SHOC 1.1.4"
| #define PACKAGE_BUGREPORT "shoc-help@elist.ornl.gov"
| #define PACKAGE_URL ""
| /* end confdefs.h.  */
| #include <ac_nonexistent.h>
configure:3761: result: g++ -E
configure:3781: g++ -E -I/opt/AMDAPP/include/ conftest.cpp
configure:3781: $? = 0
configure:3795: g++ -E -I/opt/AMDAPP/include/ conftest.cpp
conftest.cpp:9:28: error: ac_nonexistent.h: No such file or directory
configure:3795: $? = 1
configure: failed program was:
| /* confdefs.h */
| #define PACKAGE_NAME "SHOC"
| #define PACKAGE_TARNAME "shoc"
| #define PACKAGE_VERSION "1.1.4"
| #define PACKAGE_STRING "SHOC 1.1.4"
| #define PACKAGE_BUGREPORT "shoc-help@elist.ornl.gov"
| #define PACKAGE_URL ""
| /* end confdefs.h.  */
| #include <ac_nonexistent.h>
configure:3824: checking for grep that handles long lines and -e
configure:3882: result: /bin/grep
configure:3887: checking for egrep
configure:3949: result: /bin/grep -E
configure:3954: checking for ANSI C header files
configure:3974: g++ -c -g -O2 -I/opt/AMDAPP/include/ conftest.cpp >&5
configure:3974: $? = 0
configure:4047: g++ -o conftest -g -O2 -I/opt/AMDAPP/include/  conftest.cpp  -lrt >&5
configure:4047: $? = 0
configure:4047: ./conftest
configure:4047: $? = 0
configure:4058: result: yes
configure:4071: checking for sys/types.h
configure:4071: g++ -c -g -O2 -I/opt/AMDAPP/include/ conftest.cpp >&5
configure:4071: $? = 0
configure:4071: result: yes
configure:4071: checking for sys/stat.h
configure:4071: g++ -c -g -O2 -I/opt/AMDAPP/include/ conftest.cpp >&5
configure:4071: $? = 0
configure:4071: result: yes
configure:4071: checking for stdlib.h
configure:4071: g++ -c -g -O2 -I/opt/AMDAPP/include/ conftest.cpp >&5
configure:4071: $? = 0
configure:4071: result: yes
configure:4071: checking for string.h
configure:4071: g++ -c -g -O2 -I/opt/AMDAPP/include/ conftest.cpp >&5
configure:4071: $? = 0
configure:4071: result: yes
configure:4071: checking for memory.h
configure:4071: g++ -c -g -O2 -I/opt/AMDAPP/include/ conftest.cpp >&5
configure:4071: $? = 0
configure:4071: result: yes
configure:4071: checking for strings.h
configure:4071: g++ -c -g -O2 -I/opt/AMDAPP/include/ conftest.cpp >&5
configure:4071: $? = 0
configure:4071: result: yes
configure:4071: checking for inttypes.h
configure:4071: g++ -c -g -O2 -I/opt/AMDAPP/include/ conftest.cpp >&5
configure:4071: $? = 0
configure:4071: result: yes
configure:4071: checking for stdint.h
configure:4071: g++ -c -g -O2 -I/opt/AMDAPP/include/ conftest.cpp >&5
configure:4071: $? = 0
configure:4071: result: yes
configure:4071: checking for unistd.h
configure:4071: g++ -c -g -O2 -I/opt/AMDAPP/include/ conftest.cpp >&5
configure:4071: $? = 0
configure:4071: result: yes
configure:4083: checking for size_t
configure:4083: g++ -c -g -O2 -I/opt/AMDAPP/include/ conftest.cpp >&5
configure:4083: $? = 0
configure:4083: g++ -c -g -O2 -I/opt/AMDAPP/include/ conftest.cpp >&5
conftest.cpp: In function 'int main()':
conftest.cpp:55: error: expected primary-expression before ')' token
configure:4083: $? = 1
configure: failed program was:
| /* confdefs.h */
| #define PACKAGE_NAME "SHOC"
| #define PACKAGE_TARNAME "shoc"
| #define PACKAGE_VERSION "1.1.4"
| #define PACKAGE_STRING "SHOC 1.1.4"
| #define PACKAGE_BUGREPORT "shoc-help@elist.ornl.gov"
| #define PACKAGE_URL ""
| #define STDC_HEADERS 1
| #define HAVE_SYS_TYPES_H 1
| #define HAVE_SYS_STAT_H 1
| #define HAVE_STDLIB_H 1
| #define HAVE_STRING_H 1
| #define HAVE_MEMORY_H 1
| #define HAVE_STRINGS_H 1
| #define HAVE_INTTYPES_H 1
| #define HAVE_STDINT_H 1
| #define HAVE_UNISTD_H 1
| /* end confdefs.h.  */
| #include <stdio.h>
| #ifdef HAVE_SYS_TYPES_H
| # include <sys/types.h>
| #endif
| #ifdef HAVE_SYS_STAT_H
| # include <sys/stat.h>
| #endif
| #ifdef STDC_HEADERS
| # include <stdlib.h>
| # include <stddef.h>
| #else
| # ifdef HAVE_STDLIB_H
| #  include <stdlib.h>
| # endif
| #endif
| #ifdef HAVE_STRING_H
| # if !defined STDC_HEADERS && defined HAVE_MEMORY_H
| #  include <memory.h>
| # endif
| # include <string.h>
| #endif
| #ifdef HAVE_STRINGS_H
| # include <strings.h>
| #endif
| #ifdef HAVE_INTTYPES_H
| # include <inttypes.h>
| #endif
| #ifdef HAVE_STDINT_H
| # include <stdint.h>
| #endif
| #ifdef HAVE_UNISTD_H
| # include <unistd.h>
| #endif
| int
| main ()
| {
| if (sizeof ((size_t)))
| 	    return 0;
|   ;
|   return 0;
| }
configure:4083: result: yes
configure:4096: checking for working alloca.h
configure:4113: g++ -o conftest -g -O2 -I/opt/AMDAPP/include/  conftest.cpp  -lrt >&5
configure:4113: $? = 0
configure:4121: result: yes
configure:4129: checking for alloca
configure:4166: g++ -o conftest -g -O2 -I/opt/AMDAPP/include/  conftest.cpp  -lrt >&5
configure:4166: $? = 0
configure:4174: result: yes
configure:4286: checking float.h usability
configure:4286: g++ -c -g -O2 -I/opt/AMDAPP/include/ conftest.cpp >&5
configure:4286: $? = 0
configure:4286: result: yes
configure:4286: checking float.h presence
configure:4286: g++ -E -I/opt/AMDAPP/include/ conftest.cpp
configure:4286: $? = 0
configure:4286: result: yes
configure:4286: checking for float.h
configure:4286: result: yes
configure:4286: checking for stdlib.h
configure:4286: result: yes
configure:4286: checking for string.h
configure:4286: result: yes
configure:4286: checking sys/time.h usability
configure:4286: g++ -c -g -O2 -I/opt/AMDAPP/include/ conftest.cpp >&5
configure:4286: $? = 0
configure:4286: result: yes
configure:4286: checking sys/time.h presence
configure:4286: g++ -E -I/opt/AMDAPP/include/ conftest.cpp
configure:4286: $? = 0
configure:4286: result: yes
configure:4286: checking for sys/time.h
configure:4286: result: yes
configure:4286: checking sys/timeb.h usability
configure:4286: g++ -c -g -O2 -I/opt/AMDAPP/include/ conftest.cpp >&5
configure:4286: $? = 0
configure:4286: result: yes
configure:4286: checking sys/timeb.h presence
configure:4286: g++ -E -I/opt/AMDAPP/include/ conftest.cpp
configure:4286: $? = 0
configure:4286: result: yes
configure:4286: checking for sys/timeb.h
configure:4286: result: yes
configure:4286: checking time.h usability
configure:4286: g++ -c -g -O2 -I/opt/AMDAPP/include/ conftest.cpp >&5
configure:4286: $? = 0
configure:4286: result: yes
configure:4286: checking time.h presence
configure:4286: g++ -E -I/opt/AMDAPP/include/ conftest.cpp
configure:4286: $? = 0
configure:4286: result: yes
configure:4286: checking for time.h
configure:4286: result: yes
configure:4286: checking for unistd.h
configure:4286: result: yes
configure:4298: checking for stdbool.h that conforms to C99
configure:4365: g++ -c -g -O2 -I/opt/AMDAPP/include/ conftest.cpp >&5
configure:4365: $? = 0
configure:4372: result: yes
configure:4374: checking for _Bool
configure:4374: g++ -c -g -O2 -I/opt/AMDAPP/include/ conftest.cpp >&5
conftest.cpp: In function 'int main()':
conftest.cpp:64: error: '_Bool' was not declared in this scope
configure:4374: $? = 1
configure: failed program was:
| /* confdefs.h */
| #define PACKAGE_NAME "SHOC"
| #define PACKAGE_TARNAME "shoc"
| #define PACKAGE_VERSION "1.1.4"
| #define PACKAGE_STRING "SHOC 1.1.4"
| #define PACKAGE_BUGREPORT "shoc-help@elist.ornl.gov"
| #define PACKAGE_URL ""
| #define STDC_HEADERS 1
| #define HAVE_SYS_TYPES_H 1
| #define HAVE_SYS_STAT_H 1
| #define HAVE_STDLIB_H 1
| #define HAVE_STRING_H 1
| #define HAVE_MEMORY_H 1
| #define HAVE_STRINGS_H 1
| #define HAVE_INTTYPES_H 1
| #define HAVE_STDINT_H 1
| #define HAVE_UNISTD_H 1
| #define HAVE_ALLOCA_H 1
| #define HAVE_ALLOCA 1
| #define HAVE_FLOAT_H 1
| #define HAVE_STDLIB_H 1
| #define HAVE_STRING_H 1
| #define HAVE_SYS_TIME_H 1
| #define HAVE_SYS_TIMEB_H 1
| #define HAVE_TIME_H 1
| #define HAVE_UNISTD_H 1
| /* end confdefs.h.  */
| #include <stdio.h>
| #ifdef HAVE_SYS_TYPES_H
| # include <sys/types.h>
| #endif
| #ifdef HAVE_SYS_STAT_H
| # include <sys/stat.h>
| #endif
| #ifdef STDC_HEADERS
| # include <stdlib.h>
| # include <stddef.h>
| #else
| # ifdef HAVE_STDLIB_H
| #  include <stdlib.h>
| # endif
| #endif
| #ifdef HAVE_STRING_H
| # if !defined STDC_HEADERS && defined HAVE_MEMORY_H
| #  include <memory.h>
| # endif
| # include <string.h>
| #endif
| #ifdef HAVE_STRINGS_H
| # include <strings.h>
| #endif
| #ifdef HAVE_INTTYPES_H
| # include <inttypes.h>
| #endif
| #ifdef HAVE_STDINT_H
| # include <stdint.h>
| #endif
| #ifdef HAVE_UNISTD_H
| # include <unistd.h>
| #endif
| int
| main ()
| {
| if (sizeof (_Bool))
| 	 return 0;
|   ;
|   return 0;
| }
configure:4374: result: no
configure:4390: checking for inline
configure:4406: g++ -c -g -O2 -I/opt/AMDAPP/include/ conftest.cpp >&5
configure:4406: $? = 0
configure:4414: result: inline
configure:4432: checking for C/C++ restrict keyword
configure:4457: g++ -c -g -O2 -I/opt/AMDAPP/include/ conftest.cpp >&5
configure:4457: $? = 0
configure:4465: result: __restrict
configure:4478: checking for size_t
configure:4478: result: yes
configure:4491: checking for error_at_line
configure:4507: g++ -o conftest -g -O2 -I/opt/AMDAPP/include/  conftest.cpp  -lrt >&5
configure:4507: $? = 0
configure:4515: result: yes
configure:4529: checking for clock_gettime
configure:4529: g++ -o conftest -g -O2 -I/opt/AMDAPP/include/  conftest.cpp  -lrt >&5
configure:4529: $? = 0
configure:4529: result: yes
configure:4529: checking for floor
configure:4529: g++ -o conftest -g -O2 -I/opt/AMDAPP/include/  conftest.cpp  -lrt >&5
configure:4529: $? = 0
configure:4529: result: yes
configure:4529: checking for gethostname
configure:4529: g++ -o conftest -g -O2 -I/opt/AMDAPP/include/  conftest.cpp  -lrt >&5
configure:4529: $? = 0
configure:4529: result: yes
configure:4529: checking for gettimeofday
configure:4529: g++ -o conftest -g -O2 -I/opt/AMDAPP/include/  conftest.cpp  -lrt >&5
configure:4529: $? = 0
configure:4529: result: yes
configure:4529: checking for localtime_r
configure:4529: g++ -o conftest -g -O2 -I/opt/AMDAPP/include/  conftest.cpp  -lrt >&5
configure:4529: $? = 0
configure:4529: result: yes
configure:4529: checking for memset
configure:4529: g++ -o conftest -g -O2 -I/opt/AMDAPP/include/  conftest.cpp  -lrt >&5
configure:4529: $? = 0
configure:4529: result: yes
configure:4529: checking for pow
configure:4529: g++ -o conftest -g -O2 -I/opt/AMDAPP/include/  conftest.cpp  -lrt >&5
configure:4529: $? = 0
configure:4529: result: yes
configure:4529: checking for sqrt
configure:4529: g++ -o conftest -g -O2 -I/opt/AMDAPP/include/  conftest.cpp  -lrt >&5
configure:4529: $? = 0
configure:4529: result: yes
configure:4529: checking for strdup
configure:4529: g++ -o conftest -g -O2 -I/opt/AMDAPP/include/  conftest.cpp  -lrt >&5
configure:4529: $? = 0
configure:4529: result: yes
configure:4541: checking whether clock_gettime() supports CLOCK_PROCESS_CPUTIME_ID timer
configure:4554: g++ -o conftest -g -O2 -I/opt/AMDAPP/include/  conftest.cpp  -lrt >&5
configure:4554: $? = 0
configure:4555: result: yes
configure:4589: checking for usable OpenCL opencl.h header
configure:4591: checking OpenCL/opencl.h usability
configure:4591: g++ -c -g -O2 -I/opt/AMDAPP/include/ conftest.cpp >&5
conftest.cpp:73:27: error: OpenCL/opencl.h: No such file or directory
configure:4591: $? = 1
configure: failed program was:
| /* confdefs.h */
| #define PACKAGE_NAME "SHOC"
| #define PACKAGE_TARNAME "shoc"
| #define PACKAGE_VERSION "1.1.4"
| #define PACKAGE_STRING "SHOC 1.1.4"
| #define PACKAGE_BUGREPORT "shoc-help@elist.ornl.gov"
| #define PACKAGE_URL ""
| #define STDC_HEADERS 1
| #define HAVE_SYS_TYPES_H 1
| #define HAVE_SYS_STAT_H 1
| #define HAVE_STDLIB_H 1
| #define HAVE_STRING_H 1
| #define HAVE_MEMORY_H 1
| #define HAVE_STRINGS_H 1
| #define HAVE_INTTYPES_H 1
| #define HAVE_STDINT_H 1
| #define HAVE_UNISTD_H 1
| #define HAVE_ALLOCA_H 1
| #define HAVE_ALLOCA 1
| #define HAVE_FLOAT_H 1
| #define HAVE_STDLIB_H 1
| #define HAVE_STRING_H 1
| #define HAVE_SYS_TIME_H 1
| #define HAVE_SYS_TIMEB_H 1
| #define HAVE_TIME_H 1
| #define HAVE_UNISTD_H 1
| #define HAVE_STDBOOL_H 1
| #define restrict __restrict
| #define HAVE_CLOCK_GETTIME 1
| #define HAVE_FLOOR 1
| #define HAVE_GETHOSTNAME 1
| #define HAVE_GETTIMEOFDAY 1
| #define HAVE_LOCALTIME_R 1
| #define HAVE_MEMSET 1
| #define HAVE_POW 1
| #define HAVE_SQRT 1
| #define HAVE_STRDUP 1
| #define HAVE_CLOCK_PROCESS_CPUTIME_ID 1
| /* end confdefs.h.  */
| #include <stdio.h>
| #ifdef HAVE_SYS_TYPES_H
| # include <sys/types.h>
| #endif
| #ifdef HAVE_SYS_STAT_H
| # include <sys/stat.h>
| #endif
| #ifdef STDC_HEADERS
| # include <stdlib.h>
| # include <stddef.h>
| #else
| # ifdef HAVE_STDLIB_H
| #  include <stdlib.h>
| # endif
| #endif
| #ifdef HAVE_STRING_H
| # if !defined STDC_HEADERS && defined HAVE_MEMORY_H
| #  include <memory.h>
| # endif
| # include <string.h>
| #endif
| #ifdef HAVE_STRINGS_H
| # include <strings.h>
| #endif
| #ifdef HAVE_INTTYPES_H
| # include <inttypes.h>
| #endif
| #ifdef HAVE_STDINT_H
| # include <stdint.h>
| #endif
| #ifdef HAVE_UNISTD_H
| # include <unistd.h>
| #endif
| #include <OpenCL/opencl.h>
configure:4591: result: no
configure:4591: checking OpenCL/opencl.h presence
configure:4591: g++ -E -I/opt/AMDAPP/include/ conftest.cpp
conftest.cpp:40:27: error: OpenCL/opencl.h: No such file or directory
configure:4591: $? = 1
configure: failed program was:
| /* confdefs.h */
| #define PACKAGE_NAME "SHOC"
| #define PACKAGE_TARNAME "shoc"
| #define PACKAGE_VERSION "1.1.4"
| #define PACKAGE_STRING "SHOC 1.1.4"
| #define PACKAGE_BUGREPORT "shoc-help@elist.ornl.gov"
| #define PACKAGE_URL ""
| #define STDC_HEADERS 1
| #define HAVE_SYS_TYPES_H 1
| #define HAVE_SYS_STAT_H 1
| #define HAVE_STDLIB_H 1
| #define HAVE_STRING_H 1
| #define HAVE_MEMORY_H 1
| #define HAVE_STRINGS_H 1
| #define HAVE_INTTYPES_H 1
| #define HAVE_STDINT_H 1
| #define HAVE_UNISTD_H 1
| #define HAVE_ALLOCA_H 1
| #define HAVE_ALLOCA 1
| #define HAVE_FLOAT_H 1
| #define HAVE_STDLIB_H 1
| #define HAVE_STRING_H 1
| #define HAVE_SYS_TIME_H 1
| #define HAVE_SYS_TIMEB_H 1
| #define HAVE_TIME_H 1
| #define HAVE_UNISTD_H 1
| #define HAVE_STDBOOL_H 1
| #define restrict __restrict
| #define HAVE_CLOCK_GETTIME 1
| #define HAVE_FLOOR 1
| #define HAVE_GETHOSTNAME 1
| #define HAVE_GETTIMEOFDAY 1
| #define HAVE_LOCALTIME_R 1
| #define HAVE_MEMSET 1
| #define HAVE_POW 1
| #define HAVE_SQRT 1
| #define HAVE_STRDUP 1
| #define HAVE_CLOCK_PROCESS_CPUTIME_ID 1
| /* end confdefs.h.  */
| #include <OpenCL/opencl.h>
configure:4591: result: no
configure:4591: checking for OpenCL/opencl.h
configure:4591: result: no
configure:4595: checking CL/opencl.h usability
configure:4595: g++ -c -g -O2 -I/opt/AMDAPP/include/ conftest.cpp >&5
configure:4595: $? = 0
configure:4595: result: yes
configure:4595: checking CL/opencl.h presence
configure:4595: g++ -E -I/opt/AMDAPP/include/ conftest.cpp
configure:4595: $? = 0
configure:4595: result: yes
configure:4595: checking for CL/opencl.h
configure:4595: result: yes
configure:4624: checking for usable OpenCL library
configure:4640: g++ -o conftest -g -O2 -I/opt/AMDAPP/include/  conftest.cpp -framework OpenCL  -lrt >&5
g++: OpenCL: No such file or directory
cc1plus: error: unrecognized command line option "-framework"
configure:4640: $? = 1
configure: failed program was:
| /* confdefs.h */
| #define PACKAGE_NAME "SHOC"
| #define PACKAGE_TARNAME "shoc"
| #define PACKAGE_VERSION "1.1.4"
| #define PACKAGE_STRING "SHOC 1.1.4"
| #define PACKAGE_BUGREPORT "shoc-help@elist.ornl.gov"
| #define PACKAGE_URL ""
| #define STDC_HEADERS 1
| #define HAVE_SYS_TYPES_H 1
| #define HAVE_SYS_STAT_H 1
| #define HAVE_STDLIB_H 1
| #define HAVE_STRING_H 1
| #define HAVE_MEMORY_H 1
| #define HAVE_STRINGS_H 1
| #define HAVE_INTTYPES_H 1
| #define HAVE_STDINT_H 1
| #define HAVE_UNISTD_H 1
| #define HAVE_ALLOCA_H 1
| #define HAVE_ALLOCA 1
| #define HAVE_FLOAT_H 1
| #define HAVE_STDLIB_H 1
| #define HAVE_STRING_H 1
| #define HAVE_SYS_TIME_H 1
| #define HAVE_SYS_TIMEB_H 1
| #define HAVE_TIME_H 1
| #define HAVE_UNISTD_H 1
| #define HAVE_STDBOOL_H 1
| #define restrict __restrict
| #define HAVE_CLOCK_GETTIME 1
| #define HAVE_FLOOR 1
| #define HAVE_GETHOSTNAME 1
| #define HAVE_GETTIMEOFDAY 1
| #define HAVE_LOCALTIME_R 1
| #define HAVE_MEMSET 1
| #define HAVE_POW 1
| #define HAVE_SQRT 1
| #define HAVE_STRDUP 1
| #define HAVE_CLOCK_PROCESS_CPUTIME_ID 1
| /* end confdefs.h.  */
| #include "CL/opencl.h"
| int
| main ()
| {
| clGetPlatformIDs(0,0,0);
|   ;
|   return 0;
| }
configure:4657: g++ -o conftest -g -O2 -I/opt/AMDAPP/include/  conftest.cpp -lOpenCL  -lrt >&5
configure:4657: $? = 0
configure:4658: result: -lOpenCL
configure:4716: checking for nvcc
configure:4749: result: no
configure:4952: no usable CUDA installation found
configure:5038: checking for mpicxx
configure:5071: result: no
configure:5038: checking for mpic++
configure:5071: result: no
configure:5038: checking for mpiCC
configure:5071: result: no
configure:5302: creating ./config.status

## ---------------------- ##
## Running config.status. ##
## ---------------------- ##

This file was extended by SHOC config.status 1.1.4, which was
generated by GNU Autoconf 2.68.  Invocation command line was

  CONFIG_FILES    = 
  CONFIG_HEADERS  = 
  CONFIG_LINKS    = 
  CONFIG_COMMANDS = 
  $ ./config.status 

on armor2

config.status:903: creating Makefile
config.status:903: creating config/common.mk
config.status:903: creating config/targets.mk
config.status:903: creating src/Makefile
config.status:903: creating src/cuda/Makefile
config.status:903: creating src/cuda/level0/Makefile
config.status:903: creating src/cuda/level1/Makefile
config.status:903: creating src/cuda/level1/bfs/Makefile
config.status:903: creating src/cuda/level1/fft/Makefile
config.status:903: creating src/cuda/level1/md/Makefile
config.status:903: creating src/cuda/level1/reduction/Makefile
config.status:903: creating src/cuda/level1/scan/Makefile
config.status:903: creating src/cuda/level1/sgemm/Makefile
config.status:903: creating src/cuda/level1/sort/Makefile
config.status:903: creating src/cuda/level1/spmv/Makefile
config.status:903: creating src/cuda/level1/stencil2d/Makefile
config.status:903: creating src/cuda/level1/triad/Makefile
config.status:903: creating src/cuda/level2/Makefile
config.status:903: creating src/cuda/level2/qtclustering/Makefile
config.status:903: creating src/cuda/level2/s3d/Makefile
config.status:903: creating src/mpi/Makefile
config.status:903: creating src/mpi/common/Makefile
config.status:903: creating src/mpi/contention/Makefile
config.status:903: creating src/mpi/contention/cuda/Makefile
config.status:903: creating src/mpi/contention/opencl/Makefile
config.status:903: creating src/mpi/contention-mt/Makefile
config.status:903: creating src/mpi/contention-mt/cuda/Makefile
config.status:903: creating src/mpi/contention-mt/opencl/Makefile
config.status:903: creating src/opencl/Makefile
config.status:903: creating src/opencl/common/Makefile
config.status:903: creating src/opencl/level0/Makefile
config.status:903: creating src/opencl/level1/Makefile
config.status:903: creating src/opencl/level1/bfs/Makefile
config.status:903: creating src/opencl/level1/fft/Makefile
config.status:903: creating src/opencl/level1/md/Makefile
config.status:903: creating src/opencl/level1/reduction/Makefile
config.status:903: creating src/opencl/level1/scan/Makefile
config.status:903: creating src/opencl/level1/sgemm/Makefile
config.status:903: creating src/opencl/level1/sort/Makefile
config.status:903: creating src/opencl/level1/spmv/Makefile
config.status:903: creating src/opencl/level1/stencil2d/Makefile
config.status:903: creating src/opencl/level1/triad/Makefile
config.status:903: creating src/opencl/level2/Makefile
config.status:903: creating src/opencl/level2/s3d/Makefile
config.status:903: creating src/stability/Makefile
config.status:903: creating config/config.h
config.status:1073: config/config.h is unchanged

## ---------------- ##
## Cache variables. ##
## ---------------- ##

ac_cv_build=x86_64-unknown-linux-gnu
ac_cv_c_compiler_gnu=yes
ac_cv_c_inline=inline
ac_cv_c_restrict=__restrict
ac_cv_cxx_compiler_gnu=yes
ac_cv_env_CCC_set=
ac_cv_env_CCC_value=
ac_cv_env_CC_set=
ac_cv_env_CC_value=
ac_cv_env_CFLAGS_set=
ac_cv_env_CFLAGS_value=
ac_cv_env_CPPFLAGS_set=set
ac_cv_env_CPPFLAGS_value=-I/opt/AMDAPP/include/
ac_cv_env_CXXCPP_set=
ac_cv_env_CXXCPP_value=
ac_cv_env_CXXFLAGS_set=
ac_cv_env_CXXFLAGS_value=
ac_cv_env_CXX_set=
ac_cv_env_CXX_value=
ac_cv_env_LDFLAGS_set=
ac_cv_env_LDFLAGS_value=
ac_cv_env_LIBS_set=
ac_cv_env_LIBS_value=
ac_cv_env_build_alias_set=
ac_cv_env_build_alias_value=
ac_cv_env_host_alias_set=
ac_cv_env_host_alias_value=
ac_cv_env_target_alias_set=
ac_cv_env_target_alias_value=
ac_cv_func_alloca_works=yes
ac_cv_func_clock_gettime=yes
ac_cv_func_floor=yes
ac_cv_func_gethostname=yes
ac_cv_func_gettimeofday=yes
ac_cv_func_localtime_r=yes
ac_cv_func_memset=yes
ac_cv_func_pow=yes
ac_cv_func_sqrt=yes
ac_cv_func_strdup=yes
ac_cv_header_CL_opencl_h=yes
ac_cv_header_OpenCL_opencl_h=no
ac_cv_header_float_h=yes
ac_cv_header_inttypes_h=yes
ac_cv_header_memory_h=yes
ac_cv_header_stdbool_h=yes
ac_cv_header_stdc=yes
ac_cv_header_stdint_h=yes
ac_cv_header_stdlib_h=yes
ac_cv_header_string_h=yes
ac_cv_header_strings_h=yes
ac_cv_header_sys_stat_h=yes
ac_cv_header_sys_time_h=yes
ac_cv_header_sys_timeb_h=yes
ac_cv_header_sys_types_h=yes
ac_cv_header_time_h=yes
ac_cv_header_unistd_h=yes
ac_cv_host=x86_64-unknown-linux-gnu
ac_cv_lib_error_at_line=yes
ac_cv_objext=o
ac_cv_path_EGREP='/bin/grep -E'
ac_cv_path_GREP=/bin/grep
ac_cv_path_PERL=/usr/bin/perl
ac_cv_prog_CXXCPP='g++ -E'
ac_cv_prog_ac_ct_AR=ar
ac_cv_prog_ac_ct_CC=gcc
ac_cv_prog_ac_ct_CXX=g++
ac_cv_prog_ac_ct_RANLIB=ranlib
ac_cv_prog_cc_c89=
ac_cv_prog_cc_g=yes
ac_cv_prog_cxx_g=yes
ac_cv_target=x86_64-unknown-linux-gnu
ac_cv_type__Bool=no
ac_cv_type_size_t=yes
ac_cv_working_alloca_h=yes

## ----------------- ##
## Output variables. ##
## ----------------- ##

ALLOCA=''
AR='ar'
CC='gcc'
CFLAGS='-g -O2'
CPPFLAGS='-I/opt/AMDAPP/include/'
CUDA_CPPFLAGS=''
CUDA_INCDIR=''
CXX='g++'
CXXCPP='g++ -E'
CXXFLAGS='-g -O2'
DEFS='-DHAVE_CONFIG_H'
ECHO_C=''
ECHO_N='-n'
ECHO_T=''
EGREP='/bin/grep -E'
EXEEXT=''
GREP='/bin/grep'
LDFLAGS=''
LIBOBJS=''
LIBS=' -lrt'
LTLIBOBJS=''
MPICXX=''
MPI_SUBDIRS=' opencl'
NVCC=''
NVCXXFLAGS='-g -O2'
OBJEXT='o'
OPENCL_LIBS='-lOpenCL'
PACKAGE_BUGREPORT='shoc-help@elist.ornl.gov'
PACKAGE_NAME='SHOC'
PACKAGE_STRING='SHOC 1.1.4'
PACKAGE_TARNAME='shoc'
PACKAGE_URL=''
PACKAGE_VERSION='1.1.4'
PATH_SEPARATOR=':'
PERL='/usr/bin/perl'
RANLIB='ranlib'
SHELL='/bin/bash'
SRC_SUBDIRS=' opencl'
USE_CUDA='no'
USE_MPI='no'
ac_ct_CC='gcc'
ac_ct_CXX='g++'
bindir='${exec_prefix}/bin'
build='x86_64-unknown-linux-gnu'
build_alias=''
build_cpu='x86_64'
build_os='linux-gnu'
build_vendor='unknown'
datadir='${datarootdir}'
datarootdir='${prefix}/share'
docdir='${datarootdir}/doc/${PACKAGE_TARNAME}'
dvidir='${docdir}'
exec_prefix='${prefix}'
host='x86_64-unknown-linux-gnu'
host_alias=''
host_cpu='x86_64'
host_os='linux-gnu'
host_vendor='unknown'
htmldir='${docdir}'
includedir='${prefix}/include'
infodir='${datarootdir}/info'
libdir='${exec_prefix}/lib'
libexecdir='${exec_prefix}/libexec'
localedir='${datarootdir}/locale'
localstatedir='${prefix}/var'
mandir='${datarootdir}/man'
oldincludedir='/usr/include'
pdfdir='${docdir}'
prefix='/usr/local'
program_transform_name='s,x,x,'
psdir='${docdir}'
sbindir='${exec_prefix}/sbin'
sharedstatedir='${prefix}/com'
sysconfdir='${prefix}/etc'
target='x86_64-unknown-linux-gnu'
target_alias=''
target_cpu='x86_64'
target_os='linux-gnu'
target_vendor='unknown'

## ----------- ##
## confdefs.h. ##
## ----------- ##

/* confdefs.h */
#define PACKAGE_NAME "SHOC"
#define PACKAGE_TARNAME "shoc"
#define PACKAGE_VERSION "1.1.4"
#define PACKAGE_STRING "SHOC 1.1.4"
#define PACKAGE_BUGREPORT "shoc-help@elist.ornl.gov"
#define PACKAGE_URL ""
#define STDC_HEADERS 1
#define HAVE_SYS_TYPES_H 1
#define HAVE_SYS_STAT_H 1
#define HAVE_STDLIB_H 1
#define HAVE_STRING_H 1
#define HAVE_MEMORY_H 1
#define HAVE_STRINGS_H 1
#define HAVE_INTTYPES_H 1
#define HAVE_STDINT_H 1
#define HAVE_UNISTD_H 1
#define HAVE_ALLOCA_H 1
#define HAVE_ALLOCA 1
#define HAVE_FLOAT_H 1
#define HAVE_STDLIB_H 1
#define HAVE_STRING_H 1
#define HAVE_SYS_TIME_H 1
#define HAVE_SYS_TIMEB_H 1
#define HAVE_TIME_H 1
#define HAVE_UNISTD_H 1
#define HAVE_STDBOOL_H 1
#define restrict __restrict
#define HAVE_CLOCK_GETTIME 1
#define HAVE_FLOOR 1
#define HAVE_GETHOSTNAME 1
#define HAVE_GETTIMEOFDAY 1
#define HAVE_LOCALTIME_R 1
#define HAVE_MEMSET 1
#define HAVE_POW 1
#define HAVE_SQRT 1
#define HAVE_STRDUP 1
#define HAVE_CLOCK_PROCESS_CPUTIME_ID 1

configure: exit 0
